time=2026-02-18T16:44:00.440+08:00 level=INFO msg="Daemon started" interval=5s auto_commit=false auto_push=false
time=2026-02-18T16:44:00.440+08:00 level=INFO msg="using database" path=/Users/david/Projects/gainforest/hyperindex/.beads/beads.db
time=2026-02-18T16:44:00.467+08:00 level=INFO msg="database opened" path=/Users/david/Projects/gainforest/hyperindex/.beads/beads.db backend=sqlite freshness_checking=true
time=2026-02-18T16:44:00.467+08:00 level=INFO msg="upgrading .beads/.gitignore"
time=2026-02-18T16:44:00.467+08:00 level=WARN msg="failed to upgrade .gitignore" error="open .beads/.gitignore: no such file or directory"
time=2026-02-18T16:44:00.473+08:00 level=INFO msg="Repository fingerprint validated" repo_id=f8ba04d3
time=2026-02-18T16:44:00.473+08:00 level=INFO msg="starting RPC server" socket=/Users/david/Projects/gainforest/hyperindex/.beads/bd.sock
time=2026-02-18T16:44:00.473+08:00 level=INFO msg="RPC server ready (socket listening)"
time=2026-02-18T16:44:00.479+08:00 level=INFO msg="registered in global registry"
time=2026-02-18T16:44:00.480+08:00 level=WARN msg="initial import failed (continuing anyway)" error="failed to open JSONL: open /Users/david/Projects/gainforest/hyperindex/.beads/issues.jsonl: no such file or directory"
time=2026-02-18T16:44:00.480+08:00 level=INFO msg="Starting sync cycle" mode="sync cycle"
time=2026-02-18T16:44:00.486+08:00 level=INFO msg="Exported to JSONL"
time=2026-02-18T16:44:01.276+08:00 level=INFO msg="Pulled from remote"
time=2026-02-18T16:44:01.304+08:00 level=INFO msg="Imported from JSONL"
time=2026-02-18T16:44:01.324+08:00 level=INFO msg="Sync cycle complete"
time=2026-02-18T16:44:01.324+08:00 level=INFO msg="monitoring parent process" pid=0
time=2026-02-18T16:44:01.324+08:00 level=INFO msg="using event-driven mode"
time=2026-02-18T16:44:01.325+08:00 level=INFO msg="Auto-pull disabled: use 'git pull' manually to sync remote changes"
time=2026-02-18T16:44:02.333+08:00 level=INFO msg="File change detected" path=/Users/david/Projects/gainforest/hyperindex/.beads/issues.jsonl
time=2026-02-18T16:44:03.335+08:00 level=INFO msg="Import triggered by file change"
time=2026-02-18T16:44:03.337+08:00 level=INFO msg="Starting auto-import" mode=auto-import
time=2026-02-18T16:44:04.111+08:00 level=INFO msg="Pulled from remote"
time=2026-02-18T16:44:04.111+08:00 level=INFO msg="🔍 Checking JSONL content hash AFTER pull (fix: auto-pull-not-pulling)"
time=2026-02-18T16:44:04.112+08:00 level=INFO msg="Skipping: JSONL content unchanged" mode=auto-import
time=2026-02-18T16:44:05.637+08:00 level=INFO msg="Mutation detected" type=update issue_id=hyperindex-md3.10
time=2026-02-18T16:44:06.138+08:00 level=INFO msg="Export triggered by mutation events"
time=2026-02-18T16:44:06.138+08:00 level=INFO msg=Starting mode=export
time=2026-02-18T16:44:06.150+08:00 level=INFO msg="JSONL removed/renamed, re-establishing watch"
time=2026-02-18T16:44:06.152+08:00 level=INFO msg="Exported to JSONL"
time=2026-02-18T16:44:06.152+08:00 level=INFO msg="Export complete"
time=2026-02-18T16:44:06.201+08:00 level=INFO msg="Successfully re-established JSONL watch" delay=50ms
time=2026-02-18T16:44:06.201+08:00 level=INFO msg="JSONL file created" path=/Users/david/Projects/gainforest/hyperindex/.beads/issues.jsonl
time=2026-02-18T16:44:07.203+08:00 level=INFO msg="Import triggered by file change"
time=2026-02-18T16:44:07.204+08:00 level=INFO msg="Starting auto-import" mode=auto-import
time=2026-02-18T16:44:07.215+08:00 level=INFO msg="WARNING: Uncommitted local changes detected" path=/Users/david/Projects/gainforest/hyperindex/.beads/issues.jsonl
time=2026-02-18T16:44:07.215+08:00 level=INFO msg="   Pulling from remote may overwrite local unpushed changes."
time=2026-02-18T16:44:07.215+08:00 level=INFO msg="   Consider running 'bd sync' to commit and push your changes first."
time=2026-02-18T16:44:07.990+08:00 level=INFO msg="Pulled from remote"
time=2026-02-18T16:44:07.990+08:00 level=INFO msg="🔍 Checking JSONL content hash AFTER pull (fix: auto-pull-not-pulling)"
time=2026-02-18T16:44:07.990+08:00 level=INFO msg="JSONL content changed, proceeding with operation..." mode=auto-import
time=2026-02-18T16:44:07.998+08:00 level=INFO msg="Imported from JSONL"
time=2026-02-18T16:44:07.999+08:00 level=INFO msg="Auto-import complete"
time=2026-02-18T16:44:09.223+08:00 level=INFO msg="JSONL removed/renamed, re-establishing watch"
